2026-03-14 08:44:35,783 - CRITICAL - Entry #1: System kernel panic: unexpected memory leak!
2026-03-14 08:44:35,783 - INFO - Entry #2: User logged in successfully.
2026-03-14 08:44:35,783 - WARNING - Entry #3: Disk space reaching 80% capacity.
2026-03-14 08:44:35,783 - CRITICAL - Entry #4: System kernel panic: unexpected memory leak!
2026-03-14 08:44:35,783 - WARNING - Entry #5: Disk space reaching 80% capacity.
2026-03-14 08:44:35,783 - CRITICAL - Entry #6: System kernel panic: unexpected memory leak!
2026-03-14 08:44:35,783 - ERROR - Entry #7: Failed to connect to database API.
2026-03-14 08:44:35,783 - ERROR - Entry #8: Failed to connect to database API.
2026-03-14 08:44:35,783 - DEBUG - Entry #9: Connection heartbeat detected.
2026-03-14 08:44:35,783 - DEBUG - Entry #10: Connection heartbeat detected.
2026-03-14 08:44:35,783 - ERROR - Entry #11: Failed to connect to database API.
2026-03-14 08:44:35,783 - ERROR - Entry #12: Failed to connect to database API.
2026-03-14 08:44:35,783 - WARNING - Entry #13: Disk space reaching 80% capacity.
2026-03-14 08:44:35,783 - WARNING - Entry #14: Disk space reaching 80% capacity.
2026-03-14 08:44:35,783 - WARNING - Entry #15: Disk space reaching 80% capacity.
2026-03-14 08:44:35,783 - ERROR - Entry #16: Failed to connect to database API.
2026-03-14 08:44:35,783 - INFO - Entry #17: User logged in successfully.
2026-03-14 08:44:35,783 - INFO - Entry #18: User logged in successfully.
2026-03-14 08:44:35,783 - DEBUG - Entry #19: Connection heartbeat detected.
2026-03-14 08:44:35,783 - DEBUG - Entry #20: Connection heartbeat detected.
2026-03-14 08:44:35,784 - INFO - Entry #21: User logged in successfully.
2026-03-14 08:44:35,784 - ERROR - Entry #22: Failed to connect to database API.
2026-03-14 08:44:35,784 - INFO - Entry #23: User logged in successfully.
2026-03-14 08:44:35,784 - WARNING - Entry #24: Disk space reaching 80% capacity.
2026-03-14 08:44:35,784 - ERROR - Entry #25: Failed to connect to database API.
2026-03-14 08:44:35,784 - DEBUG - Entry #26: Connection heartbeat detected.
2026-03-14 08:44:35,784 - ERROR - Entry #27: Failed to connect to database API.
2026-03-14 08:44:35,784 - INFO - Entry #28: User logged in successfully.
2026-03-14 08:44:35,784 - CRITICAL - Entry #29: System kernel panic: unexpected memory leak!
2026-03-14 08:44:35,784 - WARNING - Entry #30: Disk space reaching 80% capacity.
2026-03-14 08:44:35,784 - INFO - Entry #31: User logged in successfully.
2026-03-14 08:44:35,784 - INFO - Entry #32: User logged in successfully.
2026-03-14 08:44:35,784 - DEBUG - Entry #33: Connection heartbeat detected.
2026-03-14 08:44:35,784 - WARNING - Entry #34: Disk space reaching 80% capacity.
2026-03-14 08:44:35,784 - WARNING - Entry #35: Disk space reaching 80% capacity.
2026-03-14 08:44:35,784 - CRITICAL - Entry #36: System kernel panic: unexpected memory leak!
2026-03-14 08:44:35,784 - CRITICAL - Entry #37: System kernel panic: unexpected memory leak!
2026-03-14 08:44:35,784 - ERROR - Entry #38: Failed to connect to database API.
2026-03-14 08:44:35,784 - WARNING - Entry #39: Disk space reaching 80% capacity.
2026-03-14 08:44:35,784 - INFO - Entry #40: User logged in successfully.
2026-03-14 08:44:35,784 - WARNING - Entry #41: Disk space reaching 80% capacity.
2026-03-14 08:44:35,784 - ERROR - Entry #42: Failed to connect to database API.
2026-03-14 08:44:35,784 - INFO - Entry #43: User logged in successfully.
2026-03-14 08:44:35,784 - WARNING - Entry #44: Disk space reaching 80% capacity.
2026-03-14 08:44:35,784 - DEBUG - Entry #45: Connection heartbeat detected.
2026-03-14 08:44:35,784 - CRITICAL - Entry #46: System kernel panic: unexpected memory leak!
2026-03-14 08:44:35,784 - INFO - Entry #47: User logged in successfully.
2026-03-14 08:44:35,784 - DEBUG - Entry #48: Connection heartbeat detected.
2026-03-14 08:44:35,784 - DEBUG - Entry #49: Connection heartbeat detected.
2026-03-14 08:44:35,784 - WARNING - Entry #50: Disk space reaching 80% capacity.
2026-03-14 08:44:35,784 - WARNING - Entry #51: Disk space reaching 80% capacity.
2026-03-14 08:44:35,784 - CRITICAL - Entry #52: System kernel panic: unexpected memory leak!
2026-03-14 08:44:35,784 - CRITICAL - Entry #53: System kernel panic: unexpected memory leak!
2026-03-14 08:44:35,784 - CRITICAL - Entry #54: System kernel panic: unexpected memory leak!
2026-03-14 08:44:35,784 - INFO - Entry #55: User logged in successfully.
2026-03-14 08:44:35,784 - CRITICAL - Entry #56: System kernel panic: unexpected memory leak!
2026-03-14 08:44:35,784 - DEBUG - Entry #57: Connection heartbeat detected.
2026-03-14 08:44:35,784 - DEBUG - Entry #58: Connection heartbeat detected.
2026-03-14 08:44:35,784 - DEBUG - Entry #59: Connection heartbeat detected.
2026-03-14 08:44:35,784 - ERROR - Entry #60: Failed to connect to database API.
2026-03-14 08:44:35,784 - WARNING - Entry #61: Disk space reaching 80% capacity.
2026-03-14 08:44:35,784 - DEBUG - Entry #62: Connection heartbeat detected.
2026-03-14 08:44:35,784 - CRITICAL - Entry #63: System kernel panic: unexpected memory leak!
2026-03-14 08:44:35,784 - WARNING - Entry #64: Disk space reaching 80% capacity.
2026-03-14 08:44:35,784 - INFO - Entry #65: User logged in successfully.
2026-03-14 08:44:35,784 - WARNING - Entry #66: Disk space reaching 80% capacity.
2026-03-14 08:44:35,784 - WARNING - Entry #67: Disk space reaching 80% capacity.
2026-03-14 08:44:35,784 - ERROR - Entry #68: Failed to connect to database API.
2026-03-14 08:44:35,784 - INFO - Entry #69: User logged in successfully.
2026-03-14 08:44:35,784 - DEBUG - Entry #70: Connection heartbeat detected.
2026-03-14 08:44:35,784 - WARNING - Entry #71: Disk space reaching 80% capacity.
2026-03-14 08:44:35,784 - ERROR - Entry #72: Failed to connect to database API.
2026-03-14 08:44:35,784 - WARNING - Entry #73: Disk space reaching 80% capacity.
2026-03-14 08:44:35,784 - CRITICAL - Entry #74: System kernel panic: unexpected memory leak!
2026-03-14 08:44:35,784 - ERROR - Entry #75: Failed to connect to database API.
2026-03-14 08:44:35,784 - DEBUG - Entry #76: Connection heartbeat detected.
2026-03-14 08:44:35,784 - INFO - Entry #77: User logged in successfully.
2026-03-14 08:44:35,784 - CRITICAL - Entry #78: System kernel panic: unexpected memory leak!
2026-03-14 08:44:35,784 - ERROR - Entry #79: Failed to connect to database API.
2026-03-14 08:44:35,784 - WARNING - Entry #80: Disk space reaching 80% capacity.
2026-03-14 08:44:35,784 - ERROR - Entry #81: Failed to connect to database API.
2026-03-14 08:44:35,784 - CRITICAL - Entry #82: System kernel panic: unexpected memory leak!
2026-03-14 08:44:35,784 - WARNING - Entry #83: Disk space reaching 80% capacity.
2026-03-14 08:44:35,784 - INFO - Entry #84: User logged in successfully.
2026-03-14 08:44:35,784 - CRITICAL - Entry #85: System kernel panic: unexpected memory leak!
2026-03-14 08:44:35,784 - ERROR - Entry #86: Failed to connect to database API.
2026-03-14 08:44:35,784 - CRITICAL - Entry #87: System kernel panic: unexpected memory leak!
2026-03-14 08:44:35,784 - CRITICAL - Entry #88: System kernel panic: unexpected memory leak!
2026-03-14 08:44:35,784 - WARNING - Entry #89: Disk space reaching 80% capacity.
2026-03-14 08:44:35,784 - INFO - Entry #90: User logged in successfully.
2026-03-14 08:44:35,784 - DEBUG - Entry #91: Connection heartbeat detected.
2026-03-14 08:44:35,784 - WARNING - Entry #92: Disk space reaching 80% capacity.
2026-03-14 08:44:35,784 - ERROR - Entry #93: Failed to connect to database API.
2026-03-14 08:44:35,784 - ERROR - Entry #94: Failed to connect to database API.
2026-03-14 08:44:35,785 - INFO - Entry #95: User logged in successfully.
2026-03-14 08:44:35,785 - ERROR - Entry #96: Failed to connect to database API.
2026-03-14 08:44:35,785 - WARNING - Entry #97: Disk space reaching 80% capacity.
2026-03-14 08:44:35,785 - DEBUG - Entry #98: Connection heartbeat detected.
2026-03-14 08:44:35,785 - ERROR - Entry #99: Failed to connect to database API.
2026-03-14 08:44:35,785 - CRITICAL - Entry #100: System kernel panic: unexpected memory leak!
2026-03-14 08:44:35,785 - INFO - Entry #101: User logged in successfully.
2026-03-14 08:44:35,785 - INFO - Entry #102: User logged in successfully.
2026-03-14 08:44:35,785 - DEBUG - Entry #103: Connection heartbeat detected.
2026-03-14 08:44:35,785 - CRITICAL - Entry #104: System kernel panic: unexpected memory leak!
2026-03-14 08:44:35,785 - CRITICAL - Entry #105: System kernel panic: unexpected memory leak!
2026-03-14 08:44:35,785 - WARNING - Entry #106: Disk space reaching 80% capacity.
2026-03-14 08:44:35,785 - WARNING - Entry #107: Disk space reaching 80% capacity.
2026-03-14 08:44:35,785 - INFO - Entry #108: User logged in successfully.
2026-03-14 08:44:35,785 - INFO - Entry #109: User logged in successfully.
2026-03-14 08:44:35,785 - ERROR - Entry #110: Failed to connect to database API.
2026-03-14 08:44:35,785 - ERROR - Entry #111: Failed to connect to database API.
2026-03-14 08:44:35,785 - WARNING - Entry #112: Disk space reaching 80% capacity.
2026-03-14 08:44:35,785 - DEBUG - Entry #113: Connection heartbeat detected.
2026-03-14 08:44:35,785 - DEBUG - Entry #114: Connection heartbeat detected.
2026-03-14 08:44:35,785 - ERROR - Entry #115: Failed to connect to database API.
2026-03-14 08:44:35,785 - CRITICAL - Entry #116: System kernel panic: unexpected memory leak!
2026-03-14 08:44:35,785 - CRITICAL - Entry #117: System kernel panic: unexpected memory leak!
2026-03-14 08:44:35,785 - ERROR - Entry #118: Failed to connect to database API.
2026-03-14 08:44:35,785 - INFO - Entry #119: User logged in successfully.
2026-03-14 08:44:35,785 - INFO - Entry #120: User logged in successfully.
2026-03-14 08:44:35,785 - ERROR - Entry #121: Failed to connect to database API.
2026-03-14 08:44:35,785 - WARNING - Entry #122: Disk space reaching 80% capacity.
2026-03-14 08:44:35,785 - WARNING - Entry #123: Disk space reaching 80% capacity.
2026-03-14 08:44:35,785 - CRITICAL - Entry #124: System kernel panic: unexpected memory leak!
2026-03-14 08:44:35,785 - DEBUG - Entry #125: Connection heartbeat detected.
2026-03-14 08:44:35,785 - CRITICAL - Entry #126: System kernel panic: unexpected memory leak!
2026-03-14 08:44:35,785 - INFO - Entry #127: User logged in successfully.
2026-03-14 08:44:35,785 - WARNING - Entry #128: Disk space reaching 80% capacity.
2026-03-14 08:44:35,785 - CRITICAL - Entry #129: System kernel panic: unexpected memory leak!
2026-03-14 08:44:35,785 - DEBUG - Entry #130: Connection heartbeat detected.
2026-03-14 08:44:35,785 - INFO - Entry #131: User logged in successfully.
2026-03-14 08:44:35,785 - WARNING - Entry #132: Disk space reaching 80% capacity.
2026-03-14 08:44:35,785 - WARNING - Entry #133: Disk space reaching 80% capacity.
2026-03-14 08:44:35,785 - ERROR - Entry #134: Failed to connect to database API.
2026-03-14 08:44:35,785 - ERROR - Entry #135: Failed to connect to database API.
2026-03-14 08:44:35,785 - DEBUG - Entry #136: Connection heartbeat detected.
2026-03-14 08:44:35,785 - ERROR - Entry #137: Failed to connect to database API.
2026-03-14 08:44:35,785 - ERROR - Entry #138: Failed to connect to database API.
2026-03-14 08:44:35,785 - ERROR - Entry #139: Failed to connect to database API.
2026-03-14 08:44:35,785 - CRITICAL - Entry #140: System kernel panic: unexpected memory leak!
2026-03-14 08:44:35,785 - WARNING - Entry #141: Disk space reaching 80% capacity.
2026-03-14 08:44:35,785 - DEBUG - Entry #142: Connection heartbeat detected.
2026-03-14 08:44:35,785 - CRITICAL - Entry #143: System kernel panic: unexpected memory leak!
2026-03-14 08:44:35,785 - WARNING - Entry #144: Disk space reaching 80% capacity.
2026-03-14 08:44:35,785 - ERROR - Entry #145: Failed to connect to database API.
2026-03-14 08:44:35,785 - DEBUG - Entry #146: Connection heartbeat detected.
2026-03-14 08:44:35,785 - INFO - Entry #147: User logged in successfully.
2026-03-14 08:44:35,785 - INFO - Entry #148: User logged in successfully.
2026-03-14 08:44:35,785 - ERROR - Entry #149: Failed to connect to database API.
2026-03-14 08:44:35,785 - INFO - Entry #150: User logged in successfully.
2026-03-14 08:44:35,785 - CRITICAL - Entry #151: System kernel panic: unexpected memory leak!
2026-03-14 08:44:35,785 - ERROR - Entry #152: Failed to connect to database API.
2026-03-14 08:44:35,785 - WARNING - Entry #153: Disk space reaching 80% capacity.
2026-03-14 08:44:35,785 - ERROR - Entry #154: Failed to connect to database API.
2026-03-14 08:44:35,785 - CRITICAL - Entry #155: System kernel panic: unexpected memory leak!
2026-03-14 08:44:35,785 - DEBUG - Entry #156: Connection heartbeat detected.
2026-03-14 08:44:35,785 - INFO - Entry #157: User logged in successfully.
2026-03-14 08:44:35,785 - ERROR - Entry #158: Failed to connect to database API.
2026-03-14 08:44:35,785 - DEBUG - Entry #159: Connection heartbeat detected.
2026-03-14 08:44:35,785 - INFO - Entry #160: User logged in successfully.
2026-03-14 08:44:35,785 - DEBUG - Entry #161: Connection heartbeat detected.
2026-03-14 08:44:35,785 - WARNING - Entry #162: Disk space reaching 80% capacity.
2026-03-14 08:44:35,785 - DEBUG - Entry #163: Connection heartbeat detected.
2026-03-14 08:44:35,785 - CRITICAL - Entry #164: System kernel panic: unexpected memory leak!
2026-03-14 08:44:35,785 - INFO - Entry #165: User logged in successfully.
2026-03-14 08:44:35,785 - WARNING - Entry #166: Disk space reaching 80% capacity.
2026-03-14 08:44:35,785 - INFO - Entry #167: User logged in successfully.
2026-03-14 08:44:35,785 - INFO - Entry #168: User logged in successfully.
2026-03-14 08:44:35,786 - DEBUG - Entry #169: Connection heartbeat detected.
2026-03-14 08:44:35,786 - DEBUG - Entry #170: Connection heartbeat detected.
2026-03-14 08:44:35,786 - WARNING - Entry #171: Disk space reaching 80% capacity.
2026-03-14 08:44:35,786 - DEBUG - Entry #172: Connection heartbeat detected.
2026-03-14 08:44:35,786 - WARNING - Entry #173: Disk space reaching 80% capacity.
2026-03-14 08:44:35,786 - ERROR - Entry #174: Failed to connect to database API.
2026-03-14 08:44:35,786 - ERROR - Entry #175: Failed to connect to database API.
2026-03-14 08:44:35,786 - ERROR - Entry #176: Failed to connect to database API.
2026-03-14 08:44:35,786 - DEBUG - Entry #177: Connection heartbeat detected.
2026-03-14 08:44:35,786 - INFO - Entry #178: User logged in successfully.
2026-03-14 08:44:35,786 - ERROR - Entry #179: Failed to connect to database API.
2026-03-14 08:44:35,786 - CRITICAL - Entry #180: System kernel panic: unexpected memory leak!
2026-03-14 08:44:35,786 - WARNING - Entry #181: Disk space reaching 80% capacity.
2026-03-14 08:44:35,786 - DEBUG - Entry #182: Connection heartbeat detected.
2026-03-14 08:44:35,786 - CRITICAL - Entry #183: System kernel panic: unexpected memory leak!
2026-03-14 08:44:35,786 - WARNING - Entry #184: Disk space reaching 80% capacity.
2026-03-14 08:44:35,786 - ERROR - Entry #185: Failed to connect to database API.
2026-03-14 08:44:35,786 - WARNING - Entry #186: Disk space reaching 80% capacity.
2026-03-14 08:44:35,786 - DEBUG - Entry #187: Connection heartbeat detected.
2026-03-14 08:44:35,786 - WARNING - Entry #188: Disk space reaching 80% capacity.
2026-03-14 08:44:35,786 - INFO - Entry #189: User logged in successfully.
2026-03-14 08:44:35,786 - DEBUG - Entry #190: Connection heartbeat detected.
2026-03-14 08:44:35,786 - WARNING - Entry #191: Disk space reaching 80% capacity.
2026-03-14 08:44:35,786 - WARNING - Entry #192: Disk space reaching 80% capacity.
2026-03-14 08:44:35,786 - INFO - Entry #193: User logged in successfully.
2026-03-14 08:44:35,786 - ERROR - Entry #194: Failed to connect to database API.
2026-03-14 08:44:35,786 - DEBUG - Entry #195: Connection heartbeat detected.
2026-03-14 08:44:35,786 - ERROR - Entry #196: Failed to connect to database API.
2026-03-14 08:44:35,786 - ERROR - Entry #197: Failed to connect to database API.
2026-03-14 08:44:35,786 - ERROR - Entry #198: Failed to connect to database API.
2026-03-14 08:44:35,786 - ERROR - Entry #199: Failed to connect to database API.
2026-03-14 08:44:35,786 - WARNING - Entry #200: Disk space reaching 80% capacity.
2026-03-14 08:44:35,786 - WARNING - Entry #201: Disk space reaching 80% capacity.
2026-03-14 08:44:35,786 - CRITICAL - Entry #202: System kernel panic: unexpected memory leak!
2026-03-14 08:44:35,786 - DEBUG - Entry #203: Connection heartbeat detected.
2026-03-14 08:44:35,786 - WARNING - Entry #204: Disk space reaching 80% capacity.
2026-03-14 08:44:35,786 - WARNING - Entry #205: Disk space reaching 80% capacity.
2026-03-14 08:44:35,786 - WARNING - Entry #206: Disk space reaching 80% capacity.
2026-03-14 08:44:35,786 - WARNING - Entry #207: Disk space reaching 80% capacity.
2026-03-14 08:44:35,786 - WARNING - Entry #208: Disk space reaching 80% capacity.
2026-03-14 08:44:35,786 - INFO - Entry #209: User logged in successfully.
2026-03-14 08:44:35,786 - INFO - Entry #210: User logged in successfully.
2026-03-14 08:44:35,786 - ERROR - Entry #211: Failed to connect to database API.
2026-03-14 08:44:35,786 - CRITICAL - Entry #212: System kernel panic: unexpected memory leak!
2026-03-14 08:44:35,786 - ERROR - Entry #213: Failed to connect to database API.
2026-03-14 08:44:35,786 - DEBUG - Entry #214: Connection heartbeat detected.
2026-03-14 08:44:35,786 - ERROR - Entry #215: Failed to connect to database API.
2026-03-14 08:44:35,786 - ERROR - Entry #216: Failed to connect to database API.
2026-03-14 08:44:35,786 - CRITICAL - Entry #217: System kernel panic: unexpected memory leak!
2026-03-14 08:44:35,786 - ERROR - Entry #218: Failed to connect to database API.
2026-03-14 08:44:35,786 - WARNING - Entry #219: Disk space reaching 80% capacity.
2026-03-14 08:44:35,786 - ERROR - Entry #220: Failed to connect to database API.
2026-03-14 08:44:35,786 - ERROR - Entry #221: Failed to connect to database API.
2026-03-14 08:44:35,786 - DEBUG - Entry #222: Connection heartbeat detected.
2026-03-14 08:44:35,786 - WARNING - Entry #223: Disk space reaching 80% capacity.
2026-03-14 08:44:35,786 - ERROR - Entry #224: Failed to connect to database API.
2026-03-14 08:44:35,786 - INFO - Entry #225: User logged in successfully.
2026-03-14 08:44:35,786 - ERROR - Entry #226: Failed to connect to database API.
2026-03-14 08:44:35,786 - INFO - Entry #227: User logged in successfully.
2026-03-14 08:44:35,786 - CRITICAL - Entry #228: System kernel panic: unexpected memory leak!
2026-03-14 08:44:35,786 - INFO - Entry #229: User logged in successfully.
2026-03-14 08:44:35,786 - WARNING - Entry #230: Disk space reaching 80% capacity.
2026-03-14 08:44:35,786 - WARNING - Entry #231: Disk space reaching 80% capacity.
2026-03-14 08:44:35,786 - CRITICAL - Entry #232: System kernel panic: unexpected memory leak!
2026-03-14 08:44:35,786 - CRITICAL - Entry #233: System kernel panic: unexpected memory leak!
2026-03-14 08:44:35,786 - CRITICAL - Entry #234: System kernel panic: unexpected memory leak!
2026-03-14 08:44:35,786 - INFO - Entry #235: User logged in successfully.
2026-03-14 08:44:35,786 - INFO - Entry #236: User logged in successfully.
2026-03-14 08:44:35,786 - INFO - Entry #237: User logged in successfully.
2026-03-14 08:44:35,786 - DEBUG - Entry #238: Connection heartbeat detected.
2026-03-14 08:44:35,786 - WARNING - Entry #239: Disk space reaching 80% capacity.
2026-03-14 08:44:35,786 - WARNING - Entry #240: Disk space reaching 80% capacity.
2026-03-14 08:44:35,786 - CRITICAL - Entry #241: System kernel panic: unexpected memory leak!
2026-03-14 08:44:35,786 - WARNING - Entry #242: Disk space reaching 80% capacity.
2026-03-14 08:44:35,786 - WARNING - Entry #243: Disk space reaching 80% capacity.
2026-03-14 08:44:35,786 - WARNING - Entry #244: Disk space reaching 80% capacity.
2026-03-14 08:44:35,786 - INFO - Entry #245: User logged in successfully.
2026-03-14 08:44:35,787 - WARNING - Entry #246: Disk space reaching 80% capacity.
2026-03-14 08:44:35,787 - CRITICAL - Entry #247: System kernel panic: unexpected memory leak!
2026-03-14 08:44:35,787 - INFO - Entry #248: User logged in successfully.
2026-03-14 08:44:35,787 - WARNING - Entry #249: Disk space reaching 80% capacity.
2026-03-14 08:44:35,787 - ERROR - Entry #250: Failed to connect to database API.
2026-03-14 08:44:35,787 - ERROR - Entry #251: Failed to connect to database API.
2026-03-14 08:44:35,787 - INFO - Entry #252: User logged in successfully.
2026-03-14 08:44:35,787 - INFO - Entry #253: User logged in successfully.
2026-03-14 08:44:35,787 - ERROR - Entry #254: Failed to connect to database API.
2026-03-14 08:44:35,787 - ERROR - Entry #255: Failed to connect to database API.
2026-03-14 08:44:35,787 - INFO - Entry #256: User logged in successfully.
2026-03-14 08:44:35,787 - DEBUG - Entry #257: Connection heartbeat detected.
2026-03-14 08:44:35,787 - ERROR - Entry #258: Failed to connect to database API.
2026-03-14 08:44:35,787 - INFO - Entry #259: User logged in successfully.
2026-03-14 08:44:35,787 - INFO - Entry #260: User logged in successfully.
2026-03-14 08:44:35,787 - INFO - Entry #261: User logged in successfully.
2026-03-14 08:44:35,787 - INFO - Entry #262: User logged in successfully.
2026-03-14 08:44:35,787 - DEBUG - Entry #263: Connection heartbeat detected.
2026-03-14 08:44:35,787 - CRITICAL - Entry #264: System kernel panic: unexpected memory leak!
2026-03-14 08:44:35,787 - CRITICAL - Entry #265: System kernel panic: unexpected memory leak!
2026-03-14 08:44:35,787 - INFO - Entry #266: User logged in successfully.
2026-03-14 08:44:35,787 - INFO - Entry #267: User logged in successfully.
2026-03-14 08:44:35,787 - INFO - Entry #268: User logged in successfully.
2026-03-14 08:44:35,787 - ERROR - Entry #269: Failed to connect to database API.
2026-03-14 08:44:35,787 - INFO - Entry #270: User logged in successfully.
2026-03-14 08:44:35,787 - DEBUG - Entry #271: Connection heartbeat detected.
2026-03-14 08:44:35,787 - DEBUG - Entry #272: Connection heartbeat detected.
2026-03-14 08:44:35,787 - ERROR - Entry #273: Failed to connect to database API.
2026-03-14 08:44:35,787 - ERROR - Entry #274: Failed to connect to database API.
2026-03-14 08:44:35,787 - ERROR - Entry #275: Failed to connect to database API.
2026-03-14 08:44:35,787 - ERROR - Entry #276: Failed to connect to database API.
2026-03-14 08:44:35,787 - WARNING - Entry #277: Disk space reaching 80% capacity.
2026-03-14 08:44:35,787 - DEBUG - Entry #278: Connection heartbeat detected.
2026-03-14 08:44:35,787 - CRITICAL - Entry #279: System kernel panic: unexpected memory leak!
2026-03-14 08:44:35,787 - INFO - Entry #280: User logged in successfully.
2026-03-14 08:44:35,787 - CRITICAL - Entry #281: System kernel panic: unexpected memory leak!
2026-03-14 08:44:35,787 - WARNING - Entry #282: Disk space reaching 80% capacity.
2026-03-14 08:44:35,787 - DEBUG - Entry #283: Connection heartbeat detected.
2026-03-14 08:44:35,787 - CRITICAL - Entry #284: System kernel panic: unexpected memory leak!
2026-03-14 08:44:35,787 - INFO - Entry #285: User logged in successfully.
2026-03-14 08:44:35,787 - CRITICAL - Entry #286: System kernel panic: unexpected memory leak!
2026-03-14 08:44:35,787 - CRITICAL - Entry #287: System kernel panic: unexpected memory leak!
2026-03-14 08:44:35,787 - INFO - Entry #288: User logged in successfully.
2026-03-14 08:44:35,787 - INFO - Entry #289: User logged in successfully.
2026-03-14 08:44:35,787 - CRITICAL - Entry #290: System kernel panic: unexpected memory leak!
2026-03-14 08:44:35,787 - WARNING - Entry #291: Disk space reaching 80% capacity.
2026-03-14 08:44:35,787 - CRITICAL - Entry #292: System kernel panic: unexpected memory leak!
2026-03-14 08:44:35,787 - CRITICAL - Entry #293: System kernel panic: unexpected memory leak!
2026-03-14 08:44:35,787 - DEBUG - Entry #294: Connection heartbeat detected.
2026-03-14 08:44:35,787 - WARNING - Entry #295: Disk space reaching 80% capacity.
2026-03-14 08:44:35,787 - CRITICAL - Entry #296: System kernel panic: unexpected memory leak!
2026-03-14 08:44:35,787 - ERROR - Entry #297: Failed to connect to database API.
2026-03-14 08:44:35,787 - ERROR - Entry #298: Failed to connect to database API.
2026-03-14 08:44:35,787 - WARNING - Entry #299: Disk space reaching 80% capacity.
2026-03-14 08:44:35,787 - DEBUG - Entry #300: Connection heartbeat detected.
2026-03-14 08:44:35,787 - INFO - Entry #301: User logged in successfully.
2026-03-14 08:44:35,787 - ERROR - Entry #302: Failed to connect to database API.
2026-03-14 08:44:35,787 - ERROR - Entry #303: Failed to connect to database API.
2026-03-14 08:44:35,787 - DEBUG - Entry #304: Connection heartbeat detected.
2026-03-14 08:44:35,787 - INFO - Entry #305: User logged in successfully.
2026-03-14 08:44:35,787 - CRITICAL - Entry #306: System kernel panic: unexpected memory leak!
2026-03-14 08:44:35,787 - ERROR - Entry #307: Failed to connect to database API.
2026-03-14 08:44:35,787 - WARNING - Entry #308: Disk space reaching 80% capacity.
2026-03-14 08:44:35,787 - DEBUG - Entry #309: Connection heartbeat detected.
2026-03-14 08:44:35,787 - INFO - Entry #310: User logged in successfully.
2026-03-14 08:44:35,787 - WARNING - Entry #311: Disk space reaching 80% capacity.
2026-03-14 08:44:35,787 - INFO - Entry #312: User logged in successfully.
2026-03-14 08:44:35,787 - DEBUG - Entry #313: Connection heartbeat detected.
2026-03-14 08:44:35,787 - DEBUG - Entry #314: Connection heartbeat detected.
2026-03-14 08:44:35,787 - DEBUG - Entry #315: Connection heartbeat detected.
2026-03-14 08:44:35,787 - ERROR - Entry #316: Failed to connect to database API.
2026-03-14 08:44:35,788 - INFO - Entry #317: User logged in successfully.
2026-03-14 08:44:35,788 - INFO - Entry #318: User logged in successfully.
2026-03-14 08:44:35,788 - ERROR - Entry #319: Failed to connect to database API.
2026-03-14 08:44:35,788 - CRITICAL - Entry #320: System kernel panic: unexpected memory leak!
2026-03-14 08:44:35,788 - CRITICAL - Entry #321: System kernel panic: unexpected memory leak!
2026-03-14 08:44:35,788 - DEBUG - Entry #322: Connection heartbeat detected.
2026-03-14 08:44:35,788 - CRITICAL - Entry #323: System kernel panic: unexpected memory leak!
2026-03-14 08:44:35,788 - INFO - Entry #324: User logged in successfully.
2026-03-14 08:44:35,788 - INFO - Entry #325: User logged in successfully.
2026-03-14 08:44:35,788 - CRITICAL - Entry #326: System kernel panic: unexpected memory leak!
2026-03-14 08:44:35,788 - DEBUG - Entry #327: Connection heartbeat detected.
2026-03-14 08:44:35,788 - WARNING - Entry #328: Disk space reaching 80% capacity.
2026-03-14 08:44:35,788 - CRITICAL - Entry #329: System kernel panic: unexpected memory leak!
2026-03-14 08:44:35,788 - DEBUG - Entry #330: Connection heartbeat detected.
2026-03-14 08:44:35,788 - ERROR - Entry #331: Failed to connect to database API.
2026-03-14 08:44:35,788 - CRITICAL - Entry #332: System kernel panic: unexpected memory leak!
2026-03-14 08:44:35,788 - CRITICAL - Entry #333: System kernel panic: unexpected memory leak!
2026-03-14 08:44:35,788 - CRITICAL - Entry #334: System kernel panic: unexpected memory leak!
2026-03-14 08:44:35,788 - DEBUG - Entry #335: Connection heartbeat detected.
2026-03-14 08:44:35,788 - DEBUG - Entry #336: Connection heartbeat detected.
2026-03-14 08:44:35,788 - INFO - Entry #337: User logged in successfully.
2026-03-14 08:44:35,788 - WARNING - Entry #338: Disk space reaching 80% capacity.
2026-03-14 08:44:35,788 - CRITICAL - Entry #339: System kernel panic: unexpected memory leak!
2026-03-14 08:44:35,788 - DEBUG - Entry #340: Connection heartbeat detected.
2026-03-14 08:44:35,788 - WARNING - Entry #341: Disk space reaching 80% capacity.
2026-03-14 08:44:35,788 - INFO - Entry #342: User logged in successfully.
2026-03-14 08:44:35,788 - WARNING - Entry #343: Disk space reaching 80% capacity.
2026-03-14 08:44:35,788 - DEBUG - Entry #344: Connection heartbeat detected.
2026-03-14 08:44:35,788 - ERROR - Entry #345: Failed to connect to database API.
2026-03-14 08:44:35,788 - WARNING - Entry #346: Disk space reaching 80% capacity.
2026-03-14 08:44:35,788 - ERROR - Entry #347: Failed to connect to database API.
2026-03-14 08:44:35,788 - WARNING - Entry #348: Disk space reaching 80% capacity.
2026-03-14 08:44:35,788 - WARNING - Entry #349: Disk space reaching 80% capacity.
2026-03-14 08:44:35,788 - CRITICAL - Entry #350: System kernel panic: unexpected memory leak!
2026-03-14 08:44:35,788 - WARNING - Entry #351: Disk space reaching 80% capacity.
2026-03-14 08:44:35,788 - DEBUG - Entry #352: Connection heartbeat detected.
2026-03-14 08:44:35,788 - WARNING - Entry #353: Disk space reaching 80% capacity.
2026-03-14 08:44:35,788 - INFO - Entry #354: User logged in successfully.
2026-03-14 08:44:35,788 - ERROR - Entry #355: Failed to connect to database API.
2026-03-14 08:44:35,788 - DEBUG - Entry #356: Connection heartbeat detected.
2026-03-14 08:44:35,788 - DEBUG - Entry #357: Connection heartbeat detected.
2026-03-14 08:44:35,788 - WARNING - Entry #358: Disk space reaching 80% capacity.
2026-03-14 08:44:35,788 - WARNING - Entry #359: Disk space reaching 80% capacity.
2026-03-14 08:44:35,788 - WARNING - Entry #360: Disk space reaching 80% capacity.
2026-03-14 08:44:35,788 - INFO - Entry #361: User logged in successfully.
2026-03-14 08:44:35,788 - ERROR - Entry #362: Failed to connect to database API.
2026-03-14 08:44:35,788 - WARNING - Entry #363: Disk space reaching 80% capacity.
2026-03-14 08:44:35,788 - DEBUG - Entry #364: Connection heartbeat detected.
2026-03-14 08:44:35,788 - DEBUG - Entry #365: Connection heartbeat detected.
2026-03-14 08:44:35,788 - DEBUG - Entry #366: Connection heartbeat detected.
2026-03-14 08:44:35,788 - WARNING - Entry #367: Disk space reaching 80% capacity.
2026-03-14 08:44:35,788 - CRITICAL - Entry #368: System kernel panic: unexpected memory leak!
2026-03-14 08:44:35,788 - INFO - Entry #369: User logged in successfully.
2026-03-14 08:44:35,788 - ERROR - Entry #370: Failed to connect to database API.
2026-03-14 08:44:35,788 - CRITICAL - Entry #371: System kernel panic: unexpected memory leak!
2026-03-14 08:44:35,788 - CRITICAL - Entry #372: System kernel panic: unexpected memory leak!
2026-03-14 08:44:35,788 - ERROR - Entry #373: Failed to connect to database API.
2026-03-14 08:44:35,788 - ERROR - Entry #374: Failed to connect to database API.
2026-03-14 08:44:35,788 - INFO - Entry #375: User logged in successfully.
2026-03-14 08:44:35,788 - WARNING - Entry #376: Disk space reaching 80% capacity.
2026-03-14 08:44:35,788 - INFO - Entry #377: User logged in successfully.
2026-03-14 08:44:35,788 - WARNING - Entry #378: Disk space reaching 80% capacity.
2026-03-14 08:44:35,788 - ERROR - Entry #379: Failed to connect to database API.
2026-03-14 08:44:35,788 - WARNING - Entry #380: Disk space reaching 80% capacity.
2026-03-14 08:44:35,788 - DEBUG - Entry #381: Connection heartbeat detected.
2026-03-14 08:44:35,788 - ERROR - Entry #382: Failed to connect to database API.
2026-03-14 08:44:35,788 - WARNING - Entry #383: Disk space reaching 80% capacity.
2026-03-14 08:44:35,788 - ERROR - Entry #384: Failed to connect to database API.
2026-03-14 08:44:35,788 - INFO - Entry #385: User logged in successfully.
2026-03-14 08:44:35,788 - WARNING - Entry #386: Disk space reaching 80% capacity.
2026-03-14 08:44:35,788 - CRITICAL - Entry #387: System kernel panic: unexpected memory leak!
2026-03-14 08:44:35,788 - INFO - Entry #388: User logged in successfully.
2026-03-14 08:44:35,788 - ERROR - Entry #389: Failed to connect to database API.
2026-03-14 08:44:35,788 - DEBUG - Entry #390: Connection heartbeat detected.
2026-03-14 08:44:35,788 - DEBUG - Entry #391: Connection heartbeat detected.
2026-03-14 08:44:35,788 - DEBUG - Entry #392: Connection heartbeat detected.
2026-03-14 08:44:35,788 - ERROR - Entry #393: Failed to connect to database API.
2026-03-14 08:44:35,788 - ERROR - Entry #394: Failed to connect to database API.
2026-03-14 08:44:35,789 - CRITICAL - Entry #395: System kernel panic: unexpected memory leak!
2026-03-14 08:44:35,789 - INFO - Entry #396: User logged in successfully.
2026-03-14 08:44:35,789 - CRITICAL - Entry #397: System kernel panic: unexpected memory leak!
2026-03-14 08:44:35,789 - WARNING - Entry #398: Disk space reaching 80% capacity.
2026-03-14 08:44:35,789 - CRITICAL - Entry #399: System kernel panic: unexpected memory leak!
2026-03-14 08:44:35,789 - WARNING - Entry #400: Disk space reaching 80% capacity.
2026-03-14 08:44:35,789 - CRITICAL - Entry #401: System kernel panic: unexpected memory leak!
2026-03-14 08:44:35,789 - WARNING - Entry #402: Disk space reaching 80% capacity.
2026-03-14 08:44:35,789 - DEBUG - Entry #403: Connection heartbeat detected.
2026-03-14 08:44:35,789 - WARNING - Entry #404: Disk space reaching 80% capacity.
2026-03-14 08:44:35,789 - INFO - Entry #405: User logged in successfully.
2026-03-14 08:44:35,789 - DEBUG - Entry #406: Connection heartbeat detected.
2026-03-14 08:44:35,789 - ERROR - Entry #407: Failed to connect to database API.
2026-03-14 08:44:35,789 - WARNING - Entry #408: Disk space reaching 80% capacity.
2026-03-14 08:44:35,789 - WARNING - Entry #409: Disk space reaching 80% capacity.
2026-03-14 08:44:35,789 - CRITICAL - Entry #410: System kernel panic: unexpected memory leak!
2026-03-14 08:44:35,789 - INFO - Entry #411: User logged in successfully.
2026-03-14 08:44:35,789 - ERROR - Entry #412: Failed to connect to database API.
2026-03-14 08:44:35,789 - CRITICAL - Entry #413: System kernel panic: unexpected memory leak!
2026-03-14 08:44:35,789 - CRITICAL - Entry #414: System kernel panic: unexpected memory leak!
2026-03-14 08:44:35,789 - ERROR - Entry #415: Failed to connect to database API.
2026-03-14 08:44:35,789 - DEBUG - Entry #416: Connection heartbeat detected.
2026-03-14 08:44:35,789 - DEBUG - Entry #417: Connection heartbeat detected.
2026-03-14 08:44:35,789 - DEBUG - Entry #418: Connection heartbeat detected.
2026-03-14 08:44:35,789 - INFO - Entry #419: User logged in successfully.
2026-03-14 08:44:35,789 - CRITICAL - Entry #420: System kernel panic: unexpected memory leak!
2026-03-14 08:44:35,789 - CRITICAL - Entry #421: System kernel panic: unexpected memory leak!
2026-03-14 08:44:35,789 - INFO - Entry #422: User logged in successfully.
2026-03-14 08:44:35,789 - DEBUG - Entry #423: Connection heartbeat detected.
2026-03-14 08:44:35,789 - CRITICAL - Entry #424: System kernel panic: unexpected memory leak!
2026-03-14 08:44:35,789 - CRITICAL - Entry #425: System kernel panic: unexpected memory leak!
2026-03-14 08:44:35,789 - WARNING - Entry #426: Disk space reaching 80% capacity.
2026-03-14 08:44:35,789 - CRITICAL - Entry #427: System kernel panic: unexpected memory leak!
2026-03-14 08:44:35,789 - WARNING - Entry #428: Disk space reaching 80% capacity.
2026-03-14 08:44:35,789 - DEBUG - Entry #429: Connection heartbeat detected.
2026-03-14 08:44:35,789 - WARNING - Entry #430: Disk space reaching 80% capacity.
2026-03-14 08:44:35,789 - CRITICAL - Entry #431: System kernel panic: unexpected memory leak!
2026-03-14 08:44:35,789 - CRITICAL - Entry #432: System kernel panic: unexpected memory leak!
2026-03-14 08:44:35,789 - ERROR - Entry #433: Failed to connect to database API.
2026-03-14 08:44:35,789 - ERROR - Entry #434: Failed to connect to database API.
2026-03-14 08:44:35,789 - ERROR - Entry #435: Failed to connect to database API.
2026-03-14 08:44:35,789 - CRITICAL - Entry #436: System kernel panic: unexpected memory leak!
2026-03-14 08:44:35,789 - CRITICAL - Entry #437: System kernel panic: unexpected memory leak!
2026-03-14 08:44:35,789 - DEBUG - Entry #438: Connection heartbeat detected.
2026-03-14 08:44:35,789 - INFO - Entry #439: User logged in successfully.
2026-03-14 08:44:35,789 - WARNING - Entry #440: Disk space reaching 80% capacity.
2026-03-14 08:44:35,789 - CRITICAL - Entry #441: System kernel panic: unexpected memory leak!
2026-03-14 08:44:35,789 - ERROR - Entry #442: Failed to connect to database API.
2026-03-14 08:44:35,789 - INFO - Entry #443: User logged in successfully.
2026-03-14 08:44:35,789 - WARNING - Entry #444: Disk space reaching 80% capacity.
2026-03-14 08:44:35,789 - CRITICAL - Entry #445: System kernel panic: unexpected memory leak!
2026-03-14 08:44:35,789 - ERROR - Entry #446: Failed to connect to database API.
2026-03-14 08:44:35,789 - DEBUG - Entry #447: Connection heartbeat detected.
2026-03-14 08:44:35,789 - CRITICAL - Entry #448: System kernel panic: unexpected memory leak!
2026-03-14 08:44:35,789 - INFO - Entry #449: User logged in successfully.
2026-03-14 08:44:35,789 - DEBUG - Entry #450: Connection heartbeat detected.
2026-03-14 08:44:35,789 - ERROR - Entry #451: Failed to connect to database API.
2026-03-14 08:44:35,789 - WARNING - Entry #452: Disk space reaching 80% capacity.
2026-03-14 08:44:35,789 - WARNING - Entry #453: Disk space reaching 80% capacity.
2026-03-14 08:44:35,789 - DEBUG - Entry #454: Connection heartbeat detected.
2026-03-14 08:44:35,789 - WARNING - Entry #455: Disk space reaching 80% capacity.
2026-03-14 08:44:35,789 - WARNING - Entry #456: Disk space reaching 80% capacity.
2026-03-14 08:44:35,789 - ERROR - Entry #457: Failed to connect to database API.
2026-03-14 08:44:35,789 - INFO - Entry #458: User logged in successfully.
2026-03-14 08:44:35,789 - CRITICAL - Entry #459: System kernel panic: unexpected memory leak!
2026-03-14 08:44:35,789 - ERROR - Entry #460: Failed to connect to database API.
2026-03-14 08:44:35,789 - INFO - Entry #461: User logged in successfully.
2026-03-14 08:44:35,789 - DEBUG - Entry #462: Connection heartbeat detected.
2026-03-14 08:44:35,789 - ERROR - Entry #463: Failed to connect to database API.
2026-03-14 08:44:35,789 - WARNING - Entry #464: Disk space reaching 80% capacity.
2026-03-14 08:44:35,789 - INFO - Entry #465: User logged in successfully.
2026-03-14 08:44:35,789 - CRITICAL - Entry #466: System kernel panic: unexpected memory leak!
2026-03-14 08:44:35,789 - WARNING - Entry #467: Disk space reaching 80% capacity.
2026-03-14 08:44:35,789 - CRITICAL - Entry #468: System kernel panic: unexpected memory leak!
2026-03-14 08:44:35,789 - CRITICAL - Entry #469: System kernel panic: unexpected memory leak!
2026-03-14 08:44:35,790 - DEBUG - Entry #470: Connection heartbeat detected.
2026-03-14 08:44:35,790 - CRITICAL - Entry #471: System kernel panic: unexpected memory leak!
2026-03-14 08:44:35,790 - ERROR - Entry #472: Failed to connect to database API.
2026-03-14 08:44:35,790 - WARNING - Entry #473: Disk space reaching 80% capacity.
2026-03-14 08:44:35,790 - DEBUG - Entry #474: Connection heartbeat detected.
2026-03-14 08:44:35,790 - DEBUG - Entry #475: Connection heartbeat detected.
2026-03-14 08:44:35,790 - DEBUG - Entry #476: Connection heartbeat detected.
2026-03-14 08:44:35,790 - WARNING - Entry #477: Disk space reaching 80% capacity.
2026-03-14 08:44:35,790 - INFO - Entry #478: User logged in successfully.
2026-03-14 08:44:35,790 - ERROR - Entry #479: Failed to connect to database API.
2026-03-14 08:44:35,790 - DEBUG - Entry #480: Connection heartbeat detected.
2026-03-14 08:44:35,790 - CRITICAL - Entry #481: System kernel panic: unexpected memory leak!
2026-03-14 08:44:35,790 - CRITICAL - Entry #482: System kernel panic: unexpected memory leak!
2026-03-14 08:44:35,790 - WARNING - Entry #483: Disk space reaching 80% capacity.
2026-03-14 08:44:35,790 - DEBUG - Entry #484: Connection heartbeat detected.
2026-03-14 08:44:35,790 - CRITICAL - Entry #485: System kernel panic: unexpected memory leak!
2026-03-14 08:44:35,790 - INFO - Entry #486: User logged in successfully.
2026-03-14 08:44:35,790 - CRITICAL - Entry #487: System kernel panic: unexpected memory leak!
2026-03-14 08:44:35,790 - INFO - Entry #488: User logged in successfully.
2026-03-14 08:44:35,790 - ERROR - Entry #489: Failed to connect to database API.
2026-03-14 08:44:35,790 - ERROR - Entry #490: Failed to connect to database API.
2026-03-14 08:44:35,790 - WARNING - Entry #491: Disk space reaching 80% capacity.
2026-03-14 08:44:35,790 - WARNING - Entry #492: Disk space reaching 80% capacity.
2026-03-14 08:44:35,790 - CRITICAL - Entry #493: System kernel panic: unexpected memory leak!
2026-03-14 08:44:35,790 - WARNING - Entry #494: Disk space reaching 80% capacity.
2026-03-14 08:44:35,790 - ERROR - Entry #495: Failed to connect to database API.
2026-03-14 08:44:35,790 - INFO - Entry #496: User logged in successfully.
2026-03-14 08:44:35,790 - WARNING - Entry #497: Disk space reaching 80% capacity.
2026-03-14 08:44:35,790 - ERROR - Entry #498: Failed to connect to database API.
2026-03-14 08:44:35,790 - CRITICAL - Entry #499: System kernel panic: unexpected memory leak!
2026-03-14 08:44:35,790 - WARNING - Entry #500: Disk space reaching 80% capacity.
2026-03-14 08:44:35,790 - WARNING - Entry #501: Disk space reaching 80% capacity.
2026-03-14 08:44:35,790 - WARNING - Entry #502: Disk space reaching 80% capacity.
2026-03-14 08:44:35,790 - DEBUG - Entry #503: Connection heartbeat detected.
2026-03-14 08:44:35,790 - DEBUG - Entry #504: Connection heartbeat detected.
2026-03-14 08:44:35,790 - ERROR - Entry #505: Failed to connect to database API.
2026-03-14 08:44:35,790 - WARNING - Entry #506: Disk space reaching 80% capacity.
2026-03-14 08:44:35,790 - ERROR - Entry #507: Failed to connect to database API.
2026-03-14 08:44:35,790 - INFO - Entry #508: User logged in successfully.
2026-03-14 08:44:35,790 - DEBUG - Entry #509: Connection heartbeat detected.
2026-03-14 08:44:35,790 - INFO - Entry #510: User logged in successfully.
2026-03-14 08:44:35,790 - CRITICAL - Entry #511: System kernel panic: unexpected memory leak!
2026-03-14 08:44:35,790 - WARNING - Entry #512: Disk space reaching 80% capacity.
2026-03-14 08:44:35,790 - CRITICAL - Entry #513: System kernel panic: unexpected memory leak!
2026-03-14 08:44:35,790 - CRITICAL - Entry #514: System kernel panic: unexpected memory leak!
2026-03-14 08:44:35,790 - ERROR - Entry #515: Failed to connect to database API.
2026-03-14 08:44:35,790 - DEBUG - Entry #516: Connection heartbeat detected.
2026-03-14 08:44:35,790 - ERROR - Entry #517: Failed to connect to database API.
2026-03-14 08:44:35,790 - INFO - Entry #518: User logged in successfully.
2026-03-14 08:44:35,790 - ERROR - Entry #519: Failed to connect to database API.
2026-03-14 08:44:35,790 - DEBUG - Entry #520: Connection heartbeat detected.
2026-03-14 08:44:35,790 - CRITICAL - Entry #521: System kernel panic: unexpected memory leak!
2026-03-14 08:44:35,790 - ERROR - Entry #522: Failed to connect to database API.
2026-03-14 08:44:35,790 - CRITICAL - Entry #523: System kernel panic: unexpected memory leak!
2026-03-14 08:44:35,790 - CRITICAL - Entry #524: System kernel panic: unexpected memory leak!
2026-03-14 08:44:35,790 - WARNING - Entry #525: Disk space reaching 80% capacity.
2026-03-14 08:44:35,790 - ERROR - Entry #526: Failed to connect to database API.
2026-03-14 08:44:35,790 - CRITICAL - Entry #527: System kernel panic: unexpected memory leak!
2026-03-14 08:44:35,790 - WARNING - Entry #528: Disk space reaching 80% capacity.
2026-03-14 08:44:35,790 - DEBUG - Entry #529: Connection heartbeat detected.
2026-03-14 08:44:35,790 - DEBUG - Entry #530: Connection heartbeat detected.
2026-03-14 08:44:35,790 - INFO - Entry #531: User logged in successfully.
2026-03-14 08:44:35,790 - CRITICAL - Entry #532: System kernel panic: unexpected memory leak!
2026-03-14 08:44:35,790 - INFO - Entry #533: User logged in successfully.
2026-03-14 08:44:35,790 - INFO - Entry #534: User logged in successfully.
2026-03-14 08:44:35,790 - DEBUG - Entry #535: Connection heartbeat detected.
2026-03-14 08:44:35,790 - ERROR - Entry #536: Failed to connect to database API.
2026-03-14 08:44:35,790 - ERROR - Entry #537: Failed to connect to database API.
2026-03-14 08:44:35,790 - WARNING - Entry #538: Disk space reaching 80% capacity.
2026-03-14 08:44:35,790 - CRITICAL - Entry #539: System kernel panic: unexpected memory leak!
2026-03-14 08:44:35,790 - INFO - Entry #540: User logged in successfully.
2026-03-14 08:44:35,790 - ERROR - Entry #541: Failed to connect to database API.
2026-03-14 08:44:35,790 - DEBUG - Entry #542: Connection heartbeat detected.
2026-03-14 08:44:35,790 - CRITICAL - Entry #543: System kernel panic: unexpected memory leak!
2026-03-14 08:44:35,790 - INFO - Entry #544: User logged in successfully.
2026-03-14 08:44:35,790 - DEBUG - Entry #545: Connection heartbeat detected.
2026-03-14 08:44:35,790 - CRITICAL - Entry #546: System kernel panic: unexpected memory leak!
2026-03-14 08:44:35,791 - WARNING - Entry #547: Disk space reaching 80% capacity.
2026-03-14 08:44:35,791 - WARNING - Entry #548: Disk space reaching 80% capacity.
2026-03-14 08:44:35,791 - INFO - Entry #549: User logged in successfully.
2026-03-14 08:44:35,791 - ERROR - Entry #550: Failed to connect to database API.
2026-03-14 08:44:35,791 - INFO - Entry #551: User logged in successfully.
2026-03-14 08:44:35,791 - WARNING - Entry #552: Disk space reaching 80% capacity.
2026-03-14 08:44:35,791 - DEBUG - Entry #553: Connection heartbeat detected.
2026-03-14 08:44:35,791 - WARNING - Entry #554: Disk space reaching 80% capacity.
2026-03-14 08:44:35,791 - ERROR - Entry #555: Failed to connect to database API.
2026-03-14 08:44:35,791 - CRITICAL - Entry #556: System kernel panic: unexpected memory leak!
2026-03-14 08:44:35,791 - DEBUG - Entry #557: Connection heartbeat detected.
2026-03-14 08:44:35,791 - INFO - Entry #558: User logged in successfully.
2026-03-14 08:44:35,791 - ERROR - Entry #559: Failed to connect to database API.
2026-03-14 08:44:35,791 - ERROR - Entry #560: Failed to connect to database API.
2026-03-14 08:44:35,791 - INFO - Entry #561: User logged in successfully.
2026-03-14 08:44:35,791 - ERROR - Entry #562: Failed to connect to database API.
2026-03-14 08:44:35,791 - CRITICAL - Entry #563: System kernel panic: unexpected memory leak!
2026-03-14 08:44:35,791 - CRITICAL - Entry #564: System kernel panic: unexpected memory leak!
2026-03-14 08:44:35,791 - INFO - Entry #565: User logged in successfully.
2026-03-14 08:44:35,791 - INFO - Entry #566: User logged in successfully.
2026-03-14 08:44:35,791 - DEBUG - Entry #567: Connection heartbeat detected.
2026-03-14 08:44:35,791 - CRITICAL - Entry #568: System kernel panic: unexpected memory leak!
2026-03-14 08:44:35,791 - INFO - Entry #569: User logged in successfully.
2026-03-14 08:44:35,791 - WARNING - Entry #570: Disk space reaching 80% capacity.
2026-03-14 08:44:35,791 - INFO - Entry #571: User logged in successfully.
2026-03-14 08:44:35,791 - WARNING - Entry #572: Disk space reaching 80% capacity.
2026-03-14 08:44:35,791 - CRITICAL - Entry #573: System kernel panic: unexpected memory leak!
2026-03-14 08:44:35,791 - DEBUG - Entry #574: Connection heartbeat detected.
2026-03-14 08:44:35,791 - WARNING - Entry #575: Disk space reaching 80% capacity.
2026-03-14 08:44:35,791 - CRITICAL - Entry #576: System kernel panic: unexpected memory leak!
2026-03-14 08:44:35,791 - WARNING - Entry #577: Disk space reaching 80% capacity.
2026-03-14 08:44:35,791 - WARNING - Entry #578: Disk space reaching 80% capacity.
2026-03-14 08:44:35,791 - ERROR - Entry #579: Failed to connect to database API.
2026-03-14 08:44:35,791 - WARNING - Entry #580: Disk space reaching 80% capacity.
2026-03-14 08:44:35,791 - ERROR - Entry #581: Failed to connect to database API.
2026-03-14 08:44:35,791 - DEBUG - Entry #582: Connection heartbeat detected.
2026-03-14 08:44:35,791 - CRITICAL - Entry #583: System kernel panic: unexpected memory leak!
2026-03-14 08:44:35,791 - ERROR - Entry #584: Failed to connect to database API.
2026-03-14 08:44:35,791 - ERROR - Entry #585: Failed to connect to database API.
2026-03-14 08:44:35,791 - CRITICAL - Entry #586: System kernel panic: unexpected memory leak!
2026-03-14 08:44:35,791 - ERROR - Entry #587: Failed to connect to database API.
2026-03-14 08:44:35,791 - WARNING - Entry #588: Disk space reaching 80% capacity.
2026-03-14 08:44:35,791 - CRITICAL - Entry #589: System kernel panic: unexpected memory leak!
2026-03-14 08:44:35,791 - ERROR - Entry #590: Failed to connect to database API.
2026-03-14 08:44:35,791 - DEBUG - Entry #591: Connection heartbeat detected.
2026-03-14 08:44:35,791 - WARNING - Entry #592: Disk space reaching 80% capacity.
2026-03-14 08:44:35,791 - WARNING - Entry #593: Disk space reaching 80% capacity.
2026-03-14 08:44:35,791 - ERROR - Entry #594: Failed to connect to database API.
2026-03-14 08:44:35,791 - ERROR - Entry #595: Failed to connect to database API.
2026-03-14 08:44:35,791 - ERROR - Entry #596: Failed to connect to database API.
2026-03-14 08:44:35,791 - ERROR - Entry #597: Failed to connect to database API.
2026-03-14 08:44:35,791 - CRITICAL - Entry #598: System kernel panic: unexpected memory leak!
2026-03-14 08:44:35,791 - WARNING - Entry #599: Disk space reaching 80% capacity.
2026-03-14 08:44:35,791 - DEBUG - Entry #600: Connection heartbeat detected.
2026-03-14 08:44:35,791 - CRITICAL - Entry #601: System kernel panic: unexpected memory leak!
2026-03-14 08:44:35,791 - INFO - Entry #602: User logged in successfully.
2026-03-14 08:44:35,791 - CRITICAL - Entry #603: System kernel panic: unexpected memory leak!
2026-03-14 08:44:35,791 - WARNING - Entry #604: Disk space reaching 80% capacity.
2026-03-14 08:44:35,791 - DEBUG - Entry #605: Connection heartbeat detected.
2026-03-14 08:44:35,791 - CRITICAL - Entry #606: System kernel panic: unexpected memory leak!
2026-03-14 08:44:35,791 - CRITICAL - Entry #607: System kernel panic: unexpected memory leak!
2026-03-14 08:44:35,791 - WARNING - Entry #608: Disk space reaching 80% capacity.
2026-03-14 08:44:35,791 - DEBUG - Entry #609: Connection heartbeat detected.
2026-03-14 08:44:35,791 - INFO - Entry #610: User logged in successfully.
2026-03-14 08:44:35,791 - ERROR - Entry #611: Failed to connect to database API.
2026-03-14 08:44:35,791 - ERROR - Entry #612: Failed to connect to database API.
2026-03-14 08:44:35,791 - WARNING - Entry #613: Disk space reaching 80% capacity.
2026-03-14 08:44:35,791 - WARNING - Entry #614: Disk space reaching 80% capacity.
2026-03-14 08:44:35,791 - DEBUG - Entry #615: Connection heartbeat detected.
2026-03-14 08:44:35,791 - DEBUG - Entry #616: Connection heartbeat detected.
2026-03-14 08:44:35,791 - DEBUG - Entry #617: Connection heartbeat detected.
2026-03-14 08:44:35,791 - CRITICAL - Entry #618: System kernel panic: unexpected memory leak!
2026-03-14 08:44:35,791 - ERROR - Entry #619: Failed to connect to database API.
2026-03-14 08:44:35,791 - ERROR - Entry #620: Failed to connect to database API.
2026-03-14 08:44:35,791 - CRITICAL - Entry #621: System kernel panic: unexpected memory leak!
2026-03-14 08:44:35,791 - INFO - Entry #622: User logged in successfully.
2026-03-14 08:44:35,791 - WARNING - Entry #623: Disk space reaching 80% capacity.
2026-03-14 08:44:35,791 - CRITICAL - Entry #624: System kernel panic: unexpected memory leak!
2026-03-14 08:44:35,792 - DEBUG - Entry #625: Connection heartbeat detected.
2026-03-14 08:44:35,792 - ERROR - Entry #626: Failed to connect to database API.
2026-03-14 08:44:35,792 - WARNING - Entry #627: Disk space reaching 80% capacity.
2026-03-14 08:44:35,792 - CRITICAL - Entry #628: System kernel panic: unexpected memory leak!
2026-03-14 08:44:35,792 - CRITICAL - Entry #629: System kernel panic: unexpected memory leak!
2026-03-14 08:44:35,792 - INFO - Entry #630: User logged in successfully.
2026-03-14 08:44:35,792 - WARNING - Entry #631: Disk space reaching 80% capacity.
2026-03-14 08:44:35,792 - INFO - Entry #632: User logged in successfully.
2026-03-14 08:44:35,792 - INFO - Entry #633: User logged in successfully.
2026-03-14 08:44:35,792 - WARNING - Entry #634: Disk space reaching 80% capacity.
2026-03-14 08:44:35,792 - CRITICAL - Entry #635: System kernel panic: unexpected memory leak!
2026-03-14 08:44:35,792 - INFO - Entry #636: User logged in successfully.
2026-03-14 08:44:35,792 - ERROR - Entry #637: Failed to connect to database API.
2026-03-14 08:44:35,792 - CRITICAL - Entry #638: System kernel panic: unexpected memory leak!
2026-03-14 08:44:35,792 - INFO - Entry #639: User logged in successfully.
2026-03-14 08:44:35,792 - CRITICAL - Entry #640: System kernel panic: unexpected memory leak!
2026-03-14 08:44:35,792 - ERROR - Entry #641: Failed to connect to database API.
2026-03-14 08:44:35,792 - ERROR - Entry #642: Failed to connect to database API.
2026-03-14 08:44:35,792 - INFO - Entry #643: User logged in successfully.
2026-03-14 08:44:35,792 - INFO - Entry #644: User logged in successfully.
2026-03-14 08:44:35,792 - DEBUG - Entry #645: Connection heartbeat detected.
2026-03-14 08:44:35,792 - WARNING - Entry #646: Disk space reaching 80% capacity.
2026-03-14 08:44:35,792 - DEBUG - Entry #647: Connection heartbeat detected.
2026-03-14 08:44:35,792 - ERROR - Entry #648: Failed to connect to database API.
2026-03-14 08:44:35,792 - CRITICAL - Entry #649: System kernel panic: unexpected memory leak!
2026-03-14 08:44:35,792 - DEBUG - Entry #650: Connection heartbeat detected.
2026-03-14 08:44:35,792 - DEBUG - Entry #651: Connection heartbeat detected.
2026-03-14 08:44:35,792 - CRITICAL - Entry #652: System kernel panic: unexpected memory leak!
2026-03-14 08:44:35,792 - ERROR - Entry #653: Failed to connect to database API.
2026-03-14 08:44:35,792 - WARNING - Entry #654: Disk space reaching 80% capacity.
2026-03-14 08:44:35,792 - INFO - Entry #655: User logged in successfully.
2026-03-14 08:44:35,792 - DEBUG - Entry #656: Connection heartbeat detected.
2026-03-14 08:44:35,792 - CRITICAL - Entry #657: System kernel panic: unexpected memory leak!
2026-03-14 08:44:35,792 - INFO - Entry #658: User logged in successfully.
2026-03-14 08:44:35,792 - CRITICAL - Entry #659: System kernel panic: unexpected memory leak!
2026-03-14 08:44:35,792 - INFO - Entry #660: User logged in successfully.
2026-03-14 08:44:35,792 - INFO - Entry #661: User logged in successfully.
2026-03-14 08:44:35,792 - CRITICAL - Entry #662: System kernel panic: unexpected memory leak!
2026-03-14 08:44:35,792 - ERROR - Entry #663: Failed to connect to database API.
2026-03-14 08:44:35,792 - CRITICAL - Entry #664: System kernel panic: unexpected memory leak!
2026-03-14 08:44:35,792 - DEBUG - Entry #665: Connection heartbeat detected.
2026-03-14 08:44:35,792 - ERROR - Entry #666: Failed to connect to database API.
2026-03-14 08:44:35,792 - WARNING - Entry #667: Disk space reaching 80% capacity.
2026-03-14 08:44:35,792 - WARNING - Entry #668: Disk space reaching 80% capacity.
2026-03-14 08:44:35,792 - ERROR - Entry #669: Failed to connect to database API.
2026-03-14 08:44:35,792 - INFO - Entry #670: User logged in successfully.
2026-03-14 08:44:35,792 - CRITICAL - Entry #671: System kernel panic: unexpected memory leak!
2026-03-14 08:44:35,792 - WARNING - Entry #672: Disk space reaching 80% capacity.
2026-03-14 08:44:35,792 - WARNING - Entry #673: Disk space reaching 80% capacity.
2026-03-14 08:44:35,792 - WARNING - Entry #674: Disk space reaching 80% capacity.
2026-03-14 08:44:35,792 - CRITICAL - Entry #675: System kernel panic: unexpected memory leak!
2026-03-14 08:44:35,792 - CRITICAL - Entry #676: System kernel panic: unexpected memory leak!
2026-03-14 08:44:35,792 - WARNING - Entry #677: Disk space reaching 80% capacity.
2026-03-14 08:44:35,792 - ERROR - Entry #678: Failed to connect to database API.
2026-03-14 08:44:35,792 - DEBUG - Entry #679: Connection heartbeat detected.
2026-03-14 08:44:35,792 - INFO - Entry #680: User logged in successfully.
2026-03-14 08:44:35,792 - INFO - Entry #681: User logged in successfully.
2026-03-14 08:44:35,792 - ERROR - Entry #682: Failed to connect to database API.
2026-03-14 08:44:35,792 - WARNING - Entry #683: Disk space reaching 80% capacity.
2026-03-14 08:44:35,792 - CRITICAL - Entry #684: System kernel panic: unexpected memory leak!
2026-03-14 08:44:35,792 - CRITICAL - Entry #685: System kernel panic: unexpected memory leak!
2026-03-14 08:44:35,792 - DEBUG - Entry #686: Connection heartbeat detected.
2026-03-14 08:44:35,792 - WARNING - Entry #687: Disk space reaching 80% capacity.
2026-03-14 08:44:35,792 - INFO - Entry #688: User logged in successfully.
2026-03-14 08:44:35,792 - ERROR - Entry #689: Failed to connect to database API.
2026-03-14 08:44:35,792 - ERROR - Entry #690: Failed to connect to database API.
2026-03-14 08:44:35,792 - INFO - Entry #691: User logged in successfully.
2026-03-14 08:44:35,792 - DEBUG - Entry #692: Connection heartbeat detected.
2026-03-14 08:44:35,792 - CRITICAL - Entry #693: System kernel panic: unexpected memory leak!
2026-03-14 08:44:35,792 - ERROR - Entry #694: Failed to connect to database API.
2026-03-14 08:44:35,792 - CRITICAL - Entry #695: System kernel panic: unexpected memory leak!
2026-03-14 08:44:35,792 - INFO - Entry #696: User logged in successfully.
2026-03-14 08:44:35,792 - WARNING - Entry #697: Disk space reaching 80% capacity.
2026-03-14 08:44:35,792 - ERROR - Entry #698: Failed to connect to database API.
2026-03-14 08:44:35,792 - INFO - Entry #699: User logged in successfully.
2026-03-14 08:44:35,792 - WARNING - Entry #700: Disk space reaching 80% capacity.
2026-03-14 08:44:35,792 - WARNING - Entry #701: Disk space reaching 80% capacity.
2026-03-14 08:44:35,793 - CRITICAL - Entry #702: System kernel panic: unexpected memory leak!
2026-03-14 08:44:35,793 - CRITICAL - Entry #703: System kernel panic: unexpected memory leak!
2026-03-14 08:44:35,793 - DEBUG - Entry #704: Connection heartbeat detected.
2026-03-14 08:44:35,793 - INFO - Entry #705: User logged in successfully.
2026-03-14 08:44:35,793 - CRITICAL - Entry #706: System kernel panic: unexpected memory leak!
2026-03-14 08:44:35,793 - CRITICAL - Entry #707: System kernel panic: unexpected memory leak!
2026-03-14 08:44:35,793 - ERROR - Entry #708: Failed to connect to database API.
2026-03-14 08:44:35,793 - ERROR - Entry #709: Failed to connect to database API.
2026-03-14 08:44:35,793 - INFO - Entry #710: User logged in successfully.
2026-03-14 08:44:35,793 - ERROR - Entry #711: Failed to connect to database API.
2026-03-14 08:44:35,793 - ERROR - Entry #712: Failed to connect to database API.
2026-03-14 08:44:35,793 - CRITICAL - Entry #713: System kernel panic: unexpected memory leak!
2026-03-14 08:44:35,793 - CRITICAL - Entry #714: System kernel panic: unexpected memory leak!
2026-03-14 08:44:35,793 - DEBUG - Entry #715: Connection heartbeat detected.
2026-03-14 08:44:35,793 - INFO - Entry #716: User logged in successfully.
2026-03-14 08:44:35,793 - CRITICAL - Entry #717: System kernel panic: unexpected memory leak!
2026-03-14 08:44:35,793 - CRITICAL - Entry #718: System kernel panic: unexpected memory leak!
2026-03-14 08:44:35,793 - ERROR - Entry #719: Failed to connect to database API.
2026-03-14 08:44:35,793 - INFO - Entry #720: User logged in successfully.
2026-03-14 08:44:35,793 - WARNING - Entry #721: Disk space reaching 80% capacity.
2026-03-14 08:44:35,793 - CRITICAL - Entry #722: System kernel panic: unexpected memory leak!
2026-03-14 08:44:35,793 - ERROR - Entry #723: Failed to connect to database API.
2026-03-14 08:44:35,793 - DEBUG - Entry #724: Connection heartbeat detected.
2026-03-14 08:44:35,793 - DEBUG - Entry #725: Connection heartbeat detected.
2026-03-14 08:44:35,793 - CRITICAL - Entry #726: System kernel panic: unexpected memory leak!
2026-03-14 08:44:35,793 - INFO - Entry #727: User logged in successfully.
2026-03-14 08:44:35,793 - DEBUG - Entry #728: Connection heartbeat detected.
2026-03-14 08:44:35,793 - ERROR - Entry #729: Failed to connect to database API.
2026-03-14 08:44:35,793 - ERROR - Entry #730: Failed to connect to database API.
2026-03-14 08:44:35,793 - WARNING - Entry #731: Disk space reaching 80% capacity.
2026-03-14 08:44:35,793 - WARNING - Entry #732: Disk space reaching 80% capacity.
2026-03-14 08:44:35,793 - INFO - Entry #733: User logged in successfully.
2026-03-14 08:44:35,793 - WARNING - Entry #734: Disk space reaching 80% capacity.
2026-03-14 08:44:35,793 - CRITICAL - Entry #735: System kernel panic: unexpected memory leak!
2026-03-14 08:44:35,793 - ERROR - Entry #736: Failed to connect to database API.
2026-03-14 08:44:35,793 - ERROR - Entry #737: Failed to connect to database API.
2026-03-14 08:44:35,793 - CRITICAL - Entry #738: System kernel panic: unexpected memory leak!
2026-03-14 08:44:35,793 - DEBUG - Entry #739: Connection heartbeat detected.
2026-03-14 08:44:35,793 - WARNING - Entry #740: Disk space reaching 80% capacity.
2026-03-14 08:44:35,793 - WARNING - Entry #741: Disk space reaching 80% capacity.
2026-03-14 08:44:35,793 - ERROR - Entry #742: Failed to connect to database API.
2026-03-14 08:44:35,793 - INFO - Entry #743: User logged in successfully.
2026-03-14 08:44:35,793 - CRITICAL - Entry #744: System kernel panic: unexpected memory leak!
2026-03-14 08:44:35,793 - DEBUG - Entry #745: Connection heartbeat detected.
2026-03-14 08:44:35,793 - CRITICAL - Entry #746: System kernel panic: unexpected memory leak!
2026-03-14 08:44:35,793 - DEBUG - Entry #747: Connection heartbeat detected.
2026-03-14 08:44:35,793 - CRITICAL - Entry #748: System kernel panic: unexpected memory leak!
2026-03-14 08:44:35,793 - CRITICAL - Entry #749: System kernel panic: unexpected memory leak!
2026-03-14 08:44:35,793 - ERROR - Entry #750: Failed to connect to database API.
2026-03-14 08:44:35,793 - CRITICAL - Entry #751: System kernel panic: unexpected memory leak!
2026-03-14 08:44:35,793 - DEBUG - Entry #752: Connection heartbeat detected.
2026-03-14 08:44:35,793 - ERROR - Entry #753: Failed to connect to database API.
2026-03-14 08:44:35,793 - INFO - Entry #754: User logged in successfully.
2026-03-14 08:44:35,793 - ERROR - Entry #755: Failed to connect to database API.
2026-03-14 08:44:35,793 - INFO - Entry #756: User logged in successfully.
2026-03-14 08:44:35,793 - CRITICAL - Entry #757: System kernel panic: unexpected memory leak!
2026-03-14 08:44:35,793 - WARNING - Entry #758: Disk space reaching 80% capacity.
2026-03-14 08:44:35,793 - WARNING - Entry #759: Disk space reaching 80% capacity.
2026-03-14 08:44:35,793 - DEBUG - Entry #760: Connection heartbeat detected.
2026-03-14 08:44:35,793 - WARNING - Entry #761: Disk space reaching 80% capacity.
2026-03-14 08:44:35,793 - DEBUG - Entry #762: Connection heartbeat detected.
2026-03-14 08:44:35,793 - WARNING - Entry #763: Disk space reaching 80% capacity.
2026-03-14 08:44:35,793 - CRITICAL - Entry #764: System kernel panic: unexpected memory leak!
2026-03-14 08:44:35,793 - WARNING - Entry #765: Disk space reaching 80% capacity.
2026-03-14 08:44:35,793 - WARNING - Entry #766: Disk space reaching 80% capacity.
2026-03-14 08:44:35,793 - DEBUG - Entry #767: Connection heartbeat detected.
2026-03-14 08:44:35,793 - DEBUG - Entry #768: Connection heartbeat detected.
2026-03-14 08:44:35,793 - ERROR - Entry #769: Failed to connect to database API.
2026-03-14 08:44:35,793 - ERROR - Entry #770: Failed to connect to database API.
2026-03-14 08:44:35,793 - WARNING - Entry #771: Disk space reaching 80% capacity.
2026-03-14 08:44:35,793 - WARNING - Entry #772: Disk space reaching 80% capacity.
2026-03-14 08:44:35,794 - CRITICAL - Entry #773: System kernel panic: unexpected memory leak!
2026-03-14 08:44:35,794 - CRITICAL - Entry #774: System kernel panic: unexpected memory leak!
2026-03-14 08:44:35,794 - CRITICAL - Entry #775: System kernel panic: unexpected memory leak!
2026-03-14 08:44:35,794 - ERROR - Entry #776: Failed to connect to database API.
2026-03-14 08:44:35,794 - INFO - Entry #777: User logged in successfully.
2026-03-14 08:44:35,794 - INFO - Entry #778: User logged in successfully.
2026-03-14 08:44:35,794 - WARNING - Entry #779: Disk space reaching 80% capacity.
2026-03-14 08:44:35,794 - WARNING - Entry #780: Disk space reaching 80% capacity.
2026-03-14 08:44:35,794 - WARNING - Entry #781: Disk space reaching 80% capacity.
2026-03-14 08:44:35,794 - DEBUG - Entry #782: Connection heartbeat detected.
2026-03-14 08:44:35,794 - ERROR - Entry #783: Failed to connect to database API.
2026-03-14 08:44:35,794 - DEBUG - Entry #784: Connection heartbeat detected.
2026-03-14 08:44:35,794 - CRITICAL - Entry #785: System kernel panic: unexpected memory leak!
2026-03-14 08:44:35,794 - WARNING - Entry #786: Disk space reaching 80% capacity.
2026-03-14 08:44:35,794 - INFO - Entry #787: User logged in successfully.
2026-03-14 08:44:35,794 - INFO - Entry #788: User logged in successfully.
2026-03-14 08:44:35,794 - INFO - Entry #789: User logged in successfully.
2026-03-14 08:44:35,794 - WARNING - Entry #790: Disk space reaching 80% capacity.
2026-03-14 08:44:35,794 - WARNING - Entry #791: Disk space reaching 80% capacity.
2026-03-14 08:44:35,794 - DEBUG - Entry #792: Connection heartbeat detected.
2026-03-14 08:44:35,794 - CRITICAL - Entry #793: System kernel panic: unexpected memory leak!
2026-03-14 08:44:35,794 - WARNING - Entry #794: Disk space reaching 80% capacity.
2026-03-14 08:44:35,794 - DEBUG - Entry #795: Connection heartbeat detected.
2026-03-14 08:44:35,794 - CRITICAL - Entry #796: System kernel panic: unexpected memory leak!
2026-03-14 08:44:35,794 - ERROR - Entry #797: Failed to connect to database API.
2026-03-14 08:44:35,794 - WARNING - Entry #798: Disk space reaching 80% capacity.
2026-03-14 08:44:35,794 - INFO - Entry #799: User logged in successfully.
2026-03-14 08:44:35,794 - ERROR - Entry #800: Failed to connect to database API.
2026-03-14 08:44:35,794 - CRITICAL - Entry #801: System kernel panic: unexpected memory leak!
2026-03-14 08:44:35,794 - ERROR - Entry #802: Failed to connect to database API.
2026-03-14 08:44:35,794 - ERROR - Entry #803: Failed to connect to database API.
2026-03-14 08:44:35,794 - INFO - Entry #804: User logged in successfully.
2026-03-14 08:44:35,794 - ERROR - Entry #805: Failed to connect to database API.
2026-03-14 08:44:35,794 - WARNING - Entry #806: Disk space reaching 80% capacity.
2026-03-14 08:44:35,794 - DEBUG - Entry #807: Connection heartbeat detected.
2026-03-14 08:44:35,794 - INFO - Entry #808: User logged in successfully.
2026-03-14 08:44:35,794 - WARNING - Entry #809: Disk space reaching 80% capacity.
2026-03-14 08:44:35,794 - INFO - Entry #810: User logged in successfully.
2026-03-14 08:44:35,794 - WARNING - Entry #811: Disk space reaching 80% capacity.
2026-03-14 08:44:35,794 - DEBUG - Entry #812: Connection heartbeat detected.
2026-03-14 08:44:35,794 - DEBUG - Entry #813: Connection heartbeat detected.
2026-03-14 08:44:35,794 - INFO - Entry #814: User logged in successfully.
2026-03-14 08:44:35,794 - WARNING - Entry #815: Disk space reaching 80% capacity.
2026-03-14 08:44:35,794 - DEBUG - Entry #816: Connection heartbeat detected.
2026-03-14 08:44:35,794 - INFO - Entry #817: User logged in successfully.
2026-03-14 08:44:35,794 - WARNING - Entry #818: Disk space reaching 80% capacity.
2026-03-14 08:44:35,794 - CRITICAL - Entry #819: System kernel panic: unexpected memory leak!
2026-03-14 08:44:35,794 - INFO - Entry #820: User logged in successfully.
2026-03-14 08:44:35,794 - WARNING - Entry #821: Disk space reaching 80% capacity.
2026-03-14 08:44:35,794 - CRITICAL - Entry #822: System kernel panic: unexpected memory leak!
2026-03-14 08:44:35,794 - CRITICAL - Entry #823: System kernel panic: unexpected memory leak!
2026-03-14 08:44:35,794 - WARNING - Entry #824: Disk space reaching 80% capacity.
2026-03-14 08:44:35,794 - DEBUG - Entry #825: Connection heartbeat detected.
2026-03-14 08:44:35,794 - ERROR - Entry #826: Failed to connect to database API.
2026-03-14 08:44:35,794 - WARNING - Entry #827: Disk space reaching 80% capacity.
2026-03-14 08:44:35,794 - ERROR - Entry #828: Failed to connect to database API.
2026-03-14 08:44:35,794 - WARNING - Entry #829: Disk space reaching 80% capacity.
2026-03-14 08:44:35,794 - DEBUG - Entry #830: Connection heartbeat detected.
2026-03-14 08:44:35,794 - INFO - Entry #831: User logged in successfully.
2026-03-14 08:44:35,794 - INFO - Entry #832: User logged in successfully.
2026-03-14 08:44:35,794 - DEBUG - Entry #833: Connection heartbeat detected.
2026-03-14 08:44:35,794 - DEBUG - Entry #834: Connection heartbeat detected.
2026-03-14 08:44:35,794 - DEBUG - Entry #835: Connection heartbeat detected.
2026-03-14 08:44:35,794 - CRITICAL - Entry #836: System kernel panic: unexpected memory leak!
2026-03-14 08:44:35,794 - INFO - Entry #837: User logged in successfully.
2026-03-14 08:44:35,794 - DEBUG - Entry #838: Connection heartbeat detected.
2026-03-14 08:44:35,794 - ERROR - Entry #839: Failed to connect to database API.
2026-03-14 08:44:35,794 - INFO - Entry #840: User logged in successfully.
2026-03-14 08:44:35,794 - WARNING - Entry #841: Disk space reaching 80% capacity.
2026-03-14 08:44:35,794 - DEBUG - Entry #842: Connection heartbeat detected.
2026-03-14 08:44:35,794 - WARNING - Entry #843: Disk space reaching 80% capacity.
2026-03-14 08:44:35,794 - INFO - Entry #844: User logged in successfully.
2026-03-14 08:44:35,794 - ERROR - Entry #845: Failed to connect to database API.
2026-03-14 08:44:35,794 - ERROR - Entry #846: Failed to connect to database API.
2026-03-14 08:44:35,794 - DEBUG - Entry #847: Connection heartbeat detected.
2026-03-14 08:44:35,794 - CRITICAL - Entry #848: System kernel panic: unexpected memory leak!
2026-03-14 08:44:35,794 - WARNING - Entry #849: Disk space reaching 80% capacity.
2026-03-14 08:44:35,795 - ERROR - Entry #850: Failed to connect to database API.
2026-03-14 08:44:35,795 - WARNING - Entry #851: Disk space reaching 80% capacity.
2026-03-14 08:44:35,795 - CRITICAL - Entry #852: System kernel panic: unexpected memory leak!
2026-03-14 08:44:35,795 - ERROR - Entry #853: Failed to connect to database API.
2026-03-14 08:44:35,795 - DEBUG - Entry #854: Connection heartbeat detected.
2026-03-14 08:44:35,795 - INFO - Entry #855: User logged in successfully.
2026-03-14 08:44:35,795 - DEBUG - Entry #856: Connection heartbeat detected.
2026-03-14 08:44:35,795 - ERROR - Entry #857: Failed to connect to database API.
2026-03-14 08:44:35,795 - INFO - Entry #858: User logged in successfully.
2026-03-14 08:44:35,795 - CRITICAL - Entry #859: System kernel panic: unexpected memory leak!
2026-03-14 08:44:35,795 - WARNING - Entry #860: Disk space reaching 80% capacity.
2026-03-14 08:44:35,795 - INFO - Entry #861: User logged in successfully.
2026-03-14 08:44:35,795 - WARNING - Entry #862: Disk space reaching 80% capacity.
2026-03-14 08:44:35,795 - DEBUG - Entry #863: Connection heartbeat detected.
2026-03-14 08:44:35,795 - CRITICAL - Entry #864: System kernel panic: unexpected memory leak!
2026-03-14 08:44:35,795 - CRITICAL - Entry #865: System kernel panic: unexpected memory leak!
2026-03-14 08:44:35,795 - DEBUG - Entry #866: Connection heartbeat detected.
2026-03-14 08:44:35,795 - DEBUG - Entry #867: Connection heartbeat detected.
2026-03-14 08:44:35,795 - CRITICAL - Entry #868: System kernel panic: unexpected memory leak!
2026-03-14 08:44:35,795 - DEBUG - Entry #869: Connection heartbeat detected.
2026-03-14 08:44:35,795 - DEBUG - Entry #870: Connection heartbeat detected.
2026-03-14 08:44:35,795 - CRITICAL - Entry #871: System kernel panic: unexpected memory leak!
2026-03-14 08:44:35,795 - WARNING - Entry #872: Disk space reaching 80% capacity.
2026-03-14 08:44:35,795 - DEBUG - Entry #873: Connection heartbeat detected.
2026-03-14 08:44:35,795 - INFO - Entry #874: User logged in successfully.
2026-03-14 08:44:35,795 - DEBUG - Entry #875: Connection heartbeat detected.
2026-03-14 08:44:35,795 - CRITICAL - Entry #876: System kernel panic: unexpected memory leak!
2026-03-14 08:44:35,795 - CRITICAL - Entry #877: System kernel panic: unexpected memory leak!
2026-03-14 08:44:35,795 - CRITICAL - Entry #878: System kernel panic: unexpected memory leak!
2026-03-14 08:44:35,795 - WARNING - Entry #879: Disk space reaching 80% capacity.
2026-03-14 08:44:35,795 - INFO - Entry #880: User logged in successfully.
2026-03-14 08:44:35,795 - ERROR - Entry #881: Failed to connect to database API.
2026-03-14 08:44:35,795 - WARNING - Entry #882: Disk space reaching 80% capacity.
2026-03-14 08:44:35,795 - WARNING - Entry #883: Disk space reaching 80% capacity.
2026-03-14 08:44:35,795 - INFO - Entry #884: User logged in successfully.
2026-03-14 08:44:35,795 - WARNING - Entry #885: Disk space reaching 80% capacity.
2026-03-14 08:44:35,795 - ERROR - Entry #886: Failed to connect to database API.
2026-03-14 08:44:35,795 - ERROR - Entry #887: Failed to connect to database API.
2026-03-14 08:44:35,795 - CRITICAL - Entry #888: System kernel panic: unexpected memory leak!
2026-03-14 08:44:35,795 - WARNING - Entry #889: Disk space reaching 80% capacity.
2026-03-14 08:44:35,795 - DEBUG - Entry #890: Connection heartbeat detected.
2026-03-14 08:44:35,795 - CRITICAL - Entry #891: System kernel panic: unexpected memory leak!
2026-03-14 08:44:35,795 - CRITICAL - Entry #892: System kernel panic: unexpected memory leak!
2026-03-14 08:44:35,795 - WARNING - Entry #893: Disk space reaching 80% capacity.
2026-03-14 08:44:35,795 - CRITICAL - Entry #894: System kernel panic: unexpected memory leak!
2026-03-14 08:44:35,795 - ERROR - Entry #895: Failed to connect to database API.
2026-03-14 08:44:35,795 - DEBUG - Entry #896: Connection heartbeat detected.
2026-03-14 08:44:35,795 - WARNING - Entry #897: Disk space reaching 80% capacity.
2026-03-14 08:44:35,795 - ERROR - Entry #898: Failed to connect to database API.
2026-03-14 08:44:35,795 - WARNING - Entry #899: Disk space reaching 80% capacity.
2026-03-14 08:44:35,795 - ERROR - Entry #900: Failed to connect to database API.
2026-03-14 08:44:35,795 - DEBUG - Entry #901: Connection heartbeat detected.
2026-03-14 08:44:35,795 - INFO - Entry #902: User logged in successfully.
2026-03-14 08:44:35,795 - ERROR - Entry #903: Failed to connect to database API.
2026-03-14 08:44:35,795 - ERROR - Entry #904: Failed to connect to database API.
2026-03-14 08:44:35,795 - INFO - Entry #905: User logged in successfully.
2026-03-14 08:44:35,795 - CRITICAL - Entry #906: System kernel panic: unexpected memory leak!
2026-03-14 08:44:35,795 - CRITICAL - Entry #907: System kernel panic: unexpected memory leak!
2026-03-14 08:44:35,795 - CRITICAL - Entry #908: System kernel panic: unexpected memory leak!
2026-03-14 08:44:35,795 - DEBUG - Entry #909: Connection heartbeat detected.
2026-03-14 08:44:35,795 - DEBUG - Entry #910: Connection heartbeat detected.
2026-03-14 08:44:35,795 - INFO - Entry #911: User logged in successfully.
2026-03-14 08:44:35,795 - INFO - Entry #912: User logged in successfully.
2026-03-14 08:44:35,795 - CRITICAL - Entry #913: System kernel panic: unexpected memory leak!
2026-03-14 08:44:35,795 - CRITICAL - Entry #914: System kernel panic: unexpected memory leak!
2026-03-14 08:44:35,795 - CRITICAL - Entry #915: System kernel panic: unexpected memory leak!
2026-03-14 08:44:35,795 - WARNING - Entry #916: Disk space reaching 80% capacity.
2026-03-14 08:44:35,795 - CRITICAL - Entry #917: System kernel panic: unexpected memory leak!
2026-03-14 08:44:35,795 - ERROR - Entry #918: Failed to connect to database API.
2026-03-14 08:44:35,795 - WARNING - Entry #919: Disk space reaching 80% capacity.
2026-03-14 08:44:35,795 - CRITICAL - Entry #920: System kernel panic: unexpected memory leak!
2026-03-14 08:44:35,795 - CRITICAL - Entry #921: System kernel panic: unexpected memory leak!
2026-03-14 08:44:35,795 - ERROR - Entry #922: Failed to connect to database API.
2026-03-14 08:44:35,795 - DEBUG - Entry #923: Connection heartbeat detected.
2026-03-14 08:44:35,795 - WARNING - Entry #924: Disk space reaching 80% capacity.
2026-03-14 08:44:35,795 - WARNING - Entry #925: Disk space reaching 80% capacity.
2026-03-14 08:44:35,796 - INFO - Entry #926: User logged in successfully.
2026-03-14 08:44:35,796 - WARNING - Entry #927: Disk space reaching 80% capacity.
2026-03-14 08:44:35,796 - WARNING - Entry #928: Disk space reaching 80% capacity.
2026-03-14 08:44:35,796 - DEBUG - Entry #929: Connection heartbeat detected.
2026-03-14 08:44:35,796 - CRITICAL - Entry #930: System kernel panic: unexpected memory leak!
2026-03-14 08:44:35,796 - DEBUG - Entry #931: Connection heartbeat detected.
2026-03-14 08:44:35,796 - DEBUG - Entry #932: Connection heartbeat detected.
2026-03-14 08:44:35,796 - WARNING - Entry #933: Disk space reaching 80% capacity.
2026-03-14 08:44:35,796 - DEBUG - Entry #934: Connection heartbeat detected.
2026-03-14 08:44:35,796 - INFO - Entry #935: User logged in successfully.
2026-03-14 08:44:35,796 - CRITICAL - Entry #936: System kernel panic: unexpected memory leak!
2026-03-14 08:44:35,796 - CRITICAL - Entry #937: System kernel panic: unexpected memory leak!
2026-03-14 08:44:35,796 - WARNING - Entry #938: Disk space reaching 80% capacity.
2026-03-14 08:44:35,796 - DEBUG - Entry #939: Connection heartbeat detected.
2026-03-14 08:44:35,796 - WARNING - Entry #940: Disk space reaching 80% capacity.
2026-03-14 08:44:35,796 - DEBUG - Entry #941: Connection heartbeat detected.
2026-03-14 08:44:35,796 - DEBUG - Entry #942: Connection heartbeat detected.
2026-03-14 08:44:35,796 - WARNING - Entry #943: Disk space reaching 80% capacity.
2026-03-14 08:44:35,796 - CRITICAL - Entry #944: System kernel panic: unexpected memory leak!
2026-03-14 08:44:35,796 - WARNING - Entry #945: Disk space reaching 80% capacity.
2026-03-14 08:44:35,796 - INFO - Entry #946: User logged in successfully.
2026-03-14 08:44:35,796 - CRITICAL - Entry #947: System kernel panic: unexpected memory leak!
2026-03-14 08:44:35,796 - ERROR - Entry #948: Failed to connect to database API.
2026-03-14 08:44:35,796 - CRITICAL - Entry #949: System kernel panic: unexpected memory leak!
2026-03-14 08:44:35,796 - DEBUG - Entry #950: Connection heartbeat detected.
2026-03-14 08:44:35,796 - CRITICAL - Entry #951: System kernel panic: unexpected memory leak!
2026-03-14 08:44:35,796 - INFO - Entry #952: User logged in successfully.
2026-03-14 08:44:35,796 - WARNING - Entry #953: Disk space reaching 80% capacity.
2026-03-14 08:44:35,796 - ERROR - Entry #954: Failed to connect to database API.
2026-03-14 08:44:35,796 - CRITICAL - Entry #955: System kernel panic: unexpected memory leak!
2026-03-14 08:44:35,796 - DEBUG - Entry #956: Connection heartbeat detected.
2026-03-14 08:44:35,796 - CRITICAL - Entry #957: System kernel panic: unexpected memory leak!
2026-03-14 08:44:35,796 - DEBUG - Entry #958: Connection heartbeat detected.
2026-03-14 08:44:35,796 - WARNING - Entry #959: Disk space reaching 80% capacity.
2026-03-14 08:44:35,796 - INFO - Entry #960: User logged in successfully.
2026-03-14 08:44:35,796 - CRITICAL - Entry #961: System kernel panic: unexpected memory leak!
2026-03-14 08:44:35,796 - INFO - Entry #962: User logged in successfully.
2026-03-14 08:44:35,796 - INFO - Entry #963: User logged in successfully.
2026-03-14 08:44:35,796 - INFO - Entry #964: User logged in successfully.
2026-03-14 08:44:35,796 - CRITICAL - Entry #965: System kernel panic: unexpected memory leak!
2026-03-14 08:44:35,796 - WARNING - Entry #966: Disk space reaching 80% capacity.
2026-03-14 08:44:35,796 - DEBUG - Entry #967: Connection heartbeat detected.
2026-03-14 08:44:35,796 - WARNING - Entry #968: Disk space reaching 80% capacity.
2026-03-14 08:44:35,796 - CRITICAL - Entry #969: System kernel panic: unexpected memory leak!
2026-03-14 08:44:35,796 - CRITICAL - Entry #970: System kernel panic: unexpected memory leak!
2026-03-14 08:44:35,796 - WARNING - Entry #971: Disk space reaching 80% capacity.
2026-03-14 08:44:35,796 - ERROR - Entry #972: Failed to connect to database API.
2026-03-14 08:44:35,796 - ERROR - Entry #973: Failed to connect to database API.
2026-03-14 08:44:35,796 - WARNING - Entry #974: Disk space reaching 80% capacity.
2026-03-14 08:44:35,796 - CRITICAL - Entry #975: System kernel panic: unexpected memory leak!
2026-03-14 08:44:35,796 - DEBUG - Entry #976: Connection heartbeat detected.
2026-03-14 08:44:35,796 - INFO - Entry #977: User logged in successfully.
2026-03-14 08:44:35,796 - DEBUG - Entry #978: Connection heartbeat detected.
2026-03-14 08:44:35,796 - DEBUG - Entry #979: Connection heartbeat detected.
2026-03-14 08:44:35,796 - DEBUG - Entry #980: Connection heartbeat detected.
2026-03-14 08:44:35,796 - CRITICAL - Entry #981: System kernel panic: unexpected memory leak!
2026-03-14 08:44:35,796 - DEBUG - Entry #982: Connection heartbeat detected.
2026-03-14 08:44:35,796 - CRITICAL - Entry #983: System kernel panic: unexpected memory leak!
2026-03-14 08:44:35,796 - DEBUG - Entry #984: Connection heartbeat detected.
2026-03-14 08:44:35,796 - ERROR - Entry #985: Failed to connect to database API.
2026-03-14 08:44:35,796 - WARNING - Entry #986: Disk space reaching 80% capacity.
2026-03-14 08:44:35,796 - INFO - Entry #987: User logged in successfully.
2026-03-14 08:44:35,796 - ERROR - Entry #988: Failed to connect to database API.
2026-03-14 08:44:35,796 - CRITICAL - Entry #989: System kernel panic: unexpected memory leak!
2026-03-14 08:44:35,796 - CRITICAL - Entry #990: System kernel panic: unexpected memory leak!
2026-03-14 08:44:35,796 - ERROR - Entry #991: Failed to connect to database API.
2026-03-14 08:44:35,796 - ERROR - Entry #992: Failed to connect to database API.
2026-03-14 08:44:35,796 - ERROR - Entry #993: Failed to connect to database API.
2026-03-14 08:44:35,796 - ERROR - Entry #994: Failed to connect to database API.
2026-03-14 08:44:35,796 - WARNING - Entry #995: Disk space reaching 80% capacity.
2026-03-14 08:44:35,796 - INFO - Entry #996: User logged in successfully.
2026-03-14 08:44:35,796 - WARNING - Entry #997: Disk space reaching 80% capacity.
2026-03-14 08:44:35,796 - DEBUG - Entry #998: Connection heartbeat detected.
2026-03-14 08:44:35,796 - DEBUG - Entry #999: Connection heartbeat detected.
2026-03-14 08:44:35,796 - WARNING - Entry #1000: Disk space reaching 80% capacity.
